21:07:29 **** Rebuild of configuration Debug for project helloworld ****
Info: Internal Builder is used for build
gcc -O0 -g3 -Wall -c -fmessage-length=0 -o "src\\lab5strcat.o" "..\\src\\lab5strcat.c" 
gcc -O0 -g3 -Wall -c -fmessage-length=0 -o "src\\binaryFunction.o" "..\\src\\binaryFunction.c" 
gcc -O0 -g3 -Wall -c -fmessage-length=0 -o "src\\lab6swapC.o" "..\\src\\lab6swapC.c" 
gcc -O0 -g3 -Wall -c -fmessage-length=0 -o "src\\lab5B.o" "..\\src\\lab5B.c" 
gcc -O0 -g3 -Wall -c -fmessage-length=0 -o "src\\lab5A.o" "..\\src\\lab5A.c" 
gcc -O0 -g3 -Wall -c -fmessage-length=0 -o "src\\lab5myatoi.o" "..\\src\\lab5myatoi.c" 
..\src\lab5myatoi.c: In function 'isQuit':
..\src\lab5myatoi.c:63:6: warning: unused variable 'i' [-Wunused-variable]
  int i;
      ^
gcc -O0 -g3 -Wall -c -fmessage-length=0 -o "src\\lab6sorting.o" "..\\src\\lab6sorting.c" 
gcc -O0 -g3 -Wall -c -fmessage-length=0 -o "src\\lab5C.o" "..\\src\\lab5C.c" 
gcc -O0 -g3 -Wall -c -fmessage-length=0 -o "src\\lab6swapB.o" "..\\src\\lab6swapB.c" 
gcc -O0 -g3 -Wall -c -fmessage-length=0 -o "src\\lab5D.o" "..\\src\\lab5D.c" 
..\src\lab5D.c:18:6: warning: return type of 'main' is not 'int' [-Wmain]
 void main() {
      ^~~~
..\src\lab5D.c: In function 'isQuit':
..\src\lab5D.c:98:6: warning: unused variable 'i' [-Wunused-variable]
  int i;
      ^
gcc -O0 -g3 -Wall -c -fmessage-length=0 -o "src\\helloworld.o" "..\\src\\helloworld.c" 
gcc -O0 -g3 -Wall -c -fmessage-length=0 -o "src\\lab6struct2.o" "..\\src\\lab6struct2.c" 
gcc -O0 -g3 -Wall -c -fmessage-length=0 -o "src\\lab6array2D.o" "..\\src\\lab6array2D.c" 
gcc -O0 -g3 -Wall -c -fmessage-length=0 -o "src\\lab5RGB.o" "..\\src\\lab5RGB.c" 
gcc -o helloworld.exe "src\\binaryFunction.o" "src\\helloworld.o" "src\\lab5A.o" "src\\lab5B.o" "src\\lab5C.o" "src\\lab5D.o" "src\\lab5RGB.o" "src\\lab5myatoi.o" "src\\lab5strcat.o" "src\\lab6array2D.o" "src\\lab6sorting.o" "src\\lab6struct2.o" "src\\lab6swapB.o" "src\\lab6swapC.o" 
src\lab5A.o: In function `main':
C:\Users\alisr\Desktop\uni\TestC\helloworld\Debug/../src/lab5A.c:15: multiple definition of `main'
src\helloworld.o:C:\Users\alisr\Desktop\uni\TestC\helloworld\Debug/../src/helloworld.c:12: first defined here
src\lab5B.o: In function `main':
C:\Users\alisr\Desktop\uni\TestC\helloworld\Debug/../src/lab5B.c:11: multiple definition of `main'
src\helloworld.o:C:\Users\alisr\Desktop\uni\TestC\helloworld\Debug/../src/helloworld.c:12: first defined here
src\lab5C.o: In function `main':
C:\Users\alisr\Desktop\uni\TestC\helloworld\Debug/../src/lab5C.c:11: multiple definition of `main'
src\helloworld.o:C:\Users\alisr\Desktop\uni\TestC\helloworld\Debug/../src/helloworld.c:12: first defined here
src\lab5D.o: In function `main':
C:\Users\alisr\Desktop\uni\TestC\helloworld\Debug/../src/lab5D.c:18: multiple definition of `main'
src\helloworld.o:C:\Users\alisr\Desktop\uni\TestC\helloworld\Debug/../src/helloworld.c:12: first defined here
src\lab5RGB.o: In function `main':
C:\Users\alisr\Desktop\uni\TestC\helloworld\Debug/../src/lab5RGB.c:16: multiple definition of `main'
src\helloworld.o:C:\Users\alisr\Desktop\uni\TestC\helloworld\Debug/../src/helloworld.c:12: first defined here
src\lab5myatoi.o: In function `main':
C:\Users\alisr\Desktop\uni\TestC\helloworld\Debug/../src/lab5myatoi.c:17: multiple definition of `main'
src\helloworld.o:C:\Users\alisr\Desktop\uni\TestC\helloworld\Debug/../src/helloworld.c:12: first defined here
src\lab5myatoi.o: In function `isQuit':
C:\Users\alisr\Desktop\uni\TestC\helloworld\Debug/../src/lab5myatoi.c:62: multiple definition of `isQuit'
src\lab5D.o:C:\Users\alisr\Desktop\uni\TestC\helloworld\Debug/../src/lab5D.c:97: first defined here
src\lab5strcat.o: In function `main':
C:\Users\alisr\Desktop\uni\TestC\helloworld\Debug/../src/lab5strcat.c:21: multiple definition of `main'
src\helloworld.o:C:\Users\alisr\Desktop\uni\TestC\helloworld\Debug/../src/helloworld.c:12: first defined here
src\lab6array2D.o: In function `main':
C:\Users\alisr\Desktop\uni\TestC\helloworld\Debug/../src/lab6array2D.c:26: multiple definition of `main'
src\helloworld.o:C:\Users\alisr\Desktop\uni\TestC\helloworld\Debug/../src/helloworld.c:12: first defined here
src\lab6array2D.o: In function `exchange2D':
C:\Users\alisr\Desktop\uni\TestC\helloworld\Debug/../src/lab6array2D.c:82: multiple definition of `exchange2D'
src\helloworld.o:C:\Users\alisr\Desktop\uni\TestC\helloworld\Debug/../src/helloworld.c:56: first defined here
src\lab6array2D.o: In function `print2D':
C:\Users\alisr\Desktop\uni\TestC\helloworld\Debug/../src/lab6array2D.c:94: multiple definition of `print2D'
src\helloworld.o:C:\Users\alisr\Desktop\uni\TestC\helloworld\Debug/../src/helloworld.c:66: first defined here
src\lab6sorting.o: In function `main':
C:\Users\alisr\Desktop\uni\TestC\helloworld\Debug/../src/lab6sorting.c:19: multiple definition of `main'
src\helloworld.o:C:\Users\alisr\Desktop\uni\TestC\helloworld\Debug/../src/helloworld.c:12: first defined here
src\lab6struct2.o: In function `main':
C:\Users\alisr\Desktop\uni\TestC\helloworld\Debug/../src/lab6struct2.c:26: multiple definition of `main'
src\helloworld.o:C:\Users\alisr\Desktop\uni\TestC\helloworld\Debug/../src/helloworld.c:12: first defined here
src\lab6swapB.o: In function `main':
C:\Users\alisr\Desktop\uni\TestC\helloworld\Debug/../src/lab6swapB.c:15: multiple definition of `main'
src\helloworld.o:C:\Users\alisr\Desktop\uni\TestC\helloworld\Debug/../src/helloworld.c:12: first defined here
src\lab6swapC.o: In function `main':
C:\Users\alisr\Desktop\uni\TestC\helloworld\Debug/../src/lab6swapC.c:15: multiple definition of `main'
src\helloworld.o:C:\Users\alisr\Desktop\uni\TestC\helloworld\Debug/../src/helloworld.c:12: first defined here
src\lab6swapC.o: In function `swapIncres':
C:\Users\alisr\Desktop\uni\TestC\helloworld\Debug/../src/lab6swapC.c:32: multiple definition of `swapIncres'
src\lab6swapB.o:C:\Users\alisr\Desktop\uni\TestC\helloworld\Debug/../src/lab6swapB.c:32: first defined here
src\lab6swapC.o: In function `swap':
C:\Users\alisr\Desktop\uni\TestC\helloworld\Debug/../src/lab6swapC.c:38: multiple definition of `swap'
src\lab6swapB.o:C:\Users\alisr\Desktop\uni\TestC\helloworld\Debug/../src/lab6swapB.c:38: first defined here
collect2.exe: error: ld returned 1 exit status

21:07:31 Build Failed. 34 errors, 3 warnings. (took 1s.974ms)

